<?xml version="1.0" encoding="UTF-8" ?>
<testsuite errors="0" failures="0" hostname="Xone" name="session_package.ExternalLink" skipped="0" tests="3" time="64.655" timestamp="2016-07-24T14:01:56">
  <properties>
[...]
</properties>
  <testcase classname="session_package.ExternalLink" name="New_Conversion" time="0.261" />
  <testcase classname="session_package.ExternalLink" name="Sign_in_User" time="12.375" />
  <testcase classname="session_package.ExternalLink" name="Search_Keyword" time="6.202" />
  <system-out><![CDATA[I'm in exception no # 2
Screenshot has been taken
I'm in exception no # 3
Screenshot has been taken
]]></system-out>
  <system-err><![CDATA[Starting ChromeDriver 2.19.346078 (6f1f0cde889532d48ce8242342d0b84f94b114a1) on port 35089
Only local connections are allowed.
]]></system-err>
</testsuite>
